#
# A fatal error has been detected by the Java Runtime Environment:
#
#  EXCEPTION_ACCESS_VIOLATION (0xc0000005) at pc=0x000001f6159e1066, pid=20204, tid=0x0000000000002ecc
#
# JRE version: OpenJDK Runtime Environment (8.0_312-b07) (build 1.8.0_312-b07)
# Java VM: OpenJDK 64-Bit Server VM (25.312-b07 mixed mode windows-amd64 compressed oops)
# Problematic frame:
# C  [OpenAL64.dll+0x11066]
#
# Failed to write core dump. Minidumps are not enabled by default on client versions of Windows
#
# If you would like to submit a bug report, please visit:
#   https://github.com/corretto/corretto-8/issues/
# The crash happened outside the Java Virtual Machine in native code.
# See problematic frame for where to report the bug.
#

---------------  T H R E A D  ---------------

Current thread (0x000001f67c3ed800):  JavaThread "Thread-8" [_thread_in_native, id=11980, stack(0x0000005e2b500000,0x0000005e2b600000)]

siginfo: ExceptionCode=0xc0000005, reading address 0x000001f67c540004

Registers:
RAX=0x0000000000000004, RBX=0x000001f615a90090, RCX=0x000001f67c540008, RDX=0x000001f67c540004
RSP=0x0000005e2b5fef30, RBP=0x00000000000000ff, RSI=0x000001f67c53fd0c, RDI=0x0000000000000000
R8 =0x00000000000000be, R9 =0x000001f67c53fd0c, R10=0x000001f6631b9622, R11=0x000000005be01c20
R12=0x0000000000000001, R13=0x000001f67fd86da0, R14=0x0000005e2b5ff0c8, R15=0x000001f67c3ed800
RIP=0x000001f6159e1066, EFLAGS=0x0000000000010202

Top of Stack: (sp=0x0000005e2b5fef30)
0x0000005e2b5fef30:   0000000000000000 000001f67c3ed800
0x0000005e2b5fef40:   000001f67fd86da0 000001f67c3ed800
0x0000005e2b5fef50:   0000005e2b5ff0c8 0000000000000000
0x0000005e2b5fef60:   000001f67c3ed800 000001f67c53e580
0x0000005e2b5fef70:   000001f67fd86da0 000001f67fd86da0
0x0000005e2b5fef80:   000001f679891750 000000005bc9a845
0x0000005e2b5fef90:   0000005e2b5ff730 000001f679891a50
0x0000005e2b5fefa0:   000001f67c3ed800 0000005e2b5ff0c8
0x0000005e2b5fefb0:   000001f67fd86da0 0000000000000000
0x0000005e2b5fefc0:   000001f67c53fd0c 00000005c181a548
0x0000005e2b5fefd0:   0000005e2b5ff090 000001f6159e248f
0x0000005e2b5fefe0:   000001f615a90090 000001f615a90090
0x0000005e2b5feff0:   000000050000ac44 000001f600000004
0x0000005e2b5ff000:   0000000000000010 000001f6631b964e
0x0000005e2b5ff010:   000001f67fd86da0 000001f6631b9345
0x0000005e2b5ff020:   000001f67c3ed800 000001f67fd86da0 

Instructions: (pc=0x000001f6159e1066)
0x000001f6159e1046:   41 2b ec 81 3a 03 00 02 00 75 09 8b 01 89 84 24
0x000001f6159e1056:   c8 00 00 00 49 83 c0 02 48 83 c1 08 4a 8d 14 86
0x000001f6159e1066:   39 3a 75 af 4c 8d 84 24 c0 00 00 00 48 8d 15 d7
0x000001f6159e1076:   2b 03 00 33 c9 e8 58 5f 00 00 b8 40 1f 00 00 4c 


Register to memory mapping:

RAX=0x0000000000000004 is an unknown value
RBX=0x000001f615a90090 is an unknown value
RCX=0x000001f67c540008 is an unknown value
RDX=0x000001f67c540004 is an unknown value
RSP=0x0000005e2b5fef30 is pointing into the stack for thread: 0x000001f67c3ed800
RBP=0x00000000000000ff is an unknown value
RSI=0x000001f67c53fd0c is an unknown value
RDI=0x0000000000000000 is an unknown value
R8 =0x00000000000000be is an unknown value
R9 =0x000001f67c53fd0c is an unknown value
R10=0x000001f6631b9622 is at code_begin+962 in an Interpreter codelet
method entry point (kind = native)  [0x000001f6631b9260, 0x000001f6631b9d00]  2720 bytes
R11=0x000000005be01c20 is an unknown value
R12=0x0000000000000001 is an unknown value
R13={method} {0x000001f67fd86da8} 'nalcCreateContext' '(JJ)J' in 'org/lwjgl/openal/ALC10'
R14=0x0000005e2b5ff0c8 is pointing into the stack for thread: 0x000001f67c3ed800
R15=0x000001f67c3ed800 is a thread


Stack: [0x0000005e2b500000,0x0000005e2b600000],  sp=0x0000005e2b5fef30,  free space=1019k
Native frames: (J=compiled Java code, j=interpreted, Vv=VM code, C=native code)
C  [OpenAL64.dll+0x11066]
C  [OpenAL64.dll+0x1248f]
C  0x000001f6631b964e

Java frames: (J=compiled Java code, j=interpreted, Vv=VM code)
j  org.lwjgl.openal.ALC10.nalcCreateContext(JJ)J+0
j  org.lwjgl.openal.ALC10.alcCreateContext(Lorg/lwjgl/openal/ALCdevice;Ljava/nio/IntBuffer;)Lorg/lwjgl/openal/ALCcontext;+8
j  org.lwjgl.openal.AL.init(Ljava/lang/String;IIZZ)V+69
j  org.lwjgl.openal.AL.create(Ljava/lang/String;IIZZ)V+246
j  org.lwjgl.openal.AL.create(Ljava/lang/String;IIZ)V+5
j  org.lwjgl.openal.AL.create()V+6
j  paulscode.sound.libraries.LibraryLWJGLOpenAL.init()V+2
j  paulscode.sound.SoundSystem.CommandNewLibrary(Ljava/lang/Class;)V+260
j  paulscode.sound.SoundSystem.CommandQueue(Lpaulscode/sound/CommandObject;)Z+1206
j  paulscode.sound.CommandThread.run()V+51
v  ~StubRoutines::call_stub

---------------  P R O C E S S  ---------------

Java Threads: ( => current thread )
  0x000001f67c3e7000 JavaThread "Thread-9" [_thread_blocked, id=30592, stack(0x0000005e2b600000,0x0000005e2b700000)]
=>0x000001f67c3ed800 JavaThread "Thread-8" [_thread_in_native, id=11980, stack(0x0000005e2b500000,0x0000005e2b600000)]
  0x000001f67c3e8800 JavaThread "Sound Library Loader" [_thread_blocked, id=29036, stack(0x0000005e2b400000,0x0000005e2b500000)]
  0x000001f67c3eb800 JavaThread "AWT-Windows" daemon [_thread_in_native, id=31280, stack(0x0000005e2b100000,0x0000005e2b200000)]
  0x000001f6787b7000 JavaThread "AWT-Shutdown" [_thread_blocked, id=28664, stack(0x0000005e2b000000,0x0000005e2b100000)]
  0x000001f6787b7800 JavaThread "Java2D Disposer" daemon [_thread_blocked, id=27944, stack(0x0000005e2a900000,0x0000005e2aa00000)]
  0x000001f6787b8800 JavaThread "Timer hack thread" daemon [_thread_blocked, id=31040, stack(0x0000005e2a800000,0x0000005e2a900000)]
  0x000001f6787b6000 JavaThread "Discord RPC Event Thread" [_thread_in_Java, id=29832, stack(0x0000005e2a700000,0x0000005e2a800000)]
  0x000001f6787b3800 JavaThread "Snooper Timer" daemon [_thread_blocked, id=29028, stack(0x0000005e2a500000,0x0000005e2a600000)]
  0x000001f6787b5000 JavaThread "Snooper Timer" daemon [_thread_blocked, id=25876, stack(0x0000005e2a400000,0x0000005e2a500000)]
  0x000001f6782ae000 JavaThread "Service Thread" daemon [_thread_blocked, id=31136, stack(0x0000005e2a200000,0x0000005e2a300000)]
  0x000001f678284000 JavaThread "C1 CompilerThread3" daemon [_thread_blocked, id=25004, stack(0x0000005e2a100000,0x0000005e2a200000)]
  0x000001f678274800 JavaThread "C2 CompilerThread2" daemon [_thread_blocked, id=21296, stack(0x0000005e2a000000,0x0000005e2a100000)]
  0x000001f678274000 JavaThread "C2 CompilerThread1" daemon [_thread_blocked, id=10868, stack(0x0000005e29f00000,0x0000005e2a000000)]
  0x000001f678271000 JavaThread "C2 CompilerThread0" daemon [_thread_blocked, id=27228, stack(0x0000005e29e00000,0x0000005e29f00000)]
  0x000001f678263800 JavaThread "Monitor Ctrl-Break" daemon [_thread_in_native, id=27544, stack(0x0000005e29d00000,0x0000005e29e00000)]
  0x000001f675cc8000 JavaThread "Attach Listener" daemon [_thread_blocked, id=31140, stack(0x0000005e29c00000,0x0000005e29d00000)]
  0x000001f675cc7000 JavaThread "Signal Dispatcher" daemon [_thread_blocked, id=30096, stack(0x0000005e29b00000,0x0000005e29c00000)]
  0x000001f66182a000 JavaThread "Finalizer" daemon [_thread_blocked, id=29024, stack(0x0000005e29a00000,0x0000005e29b00000)]
  0x000001f661829000 JavaThread "Reference Handler" daemon [_thread_blocked, id=27448, stack(0x0000005e29900000,0x0000005e29a00000)]
  0x000001f661783800 JavaThread "Client thread" [_thread_in_native, id=28888, stack(0x0000005e28d00000,0x0000005e28e00000)]

Other Threads:
  0x000001f675c72000 VMThread [stack: 0x0000005e29800000,0x0000005e29900000] [id=27492]
  0x000001f67830a000 WatcherThread [stack: 0x0000005e2a300000,0x0000005e2a400000] [id=26024]

VM state:not at safepoint (normal execution)

VM Mutex/Monitor currently owned by a thread: None

heap address: 0x00000005c1800000, size: 8168 MB, Compressed Oops mode: Zero based, Oop shift amount: 3
Narrow klass base: 0x0000000000000000, Narrow klass shift: 3
Compressed class space size: 1073741824 Address: 0x00000007c0000000

Heap:
 PSYoungGen      total 271360K, used 242424K [0x0000000715d80000, 0x000000072da00000, 0x00000007c0000000)
  eden space 249856K, 97% used [0x0000000715d80000,0x0000000724a3e0f8,0x0000000725180000)
  from space 21504K, 0% used [0x0000000728180000,0x0000000728180000,0x0000000729680000)
  to   space 49152K, 0% used [0x0000000725180000,0x0000000725180000,0x0000000728180000)
 ParOldGen       total 366080K, used 50806K [0x00000005c1800000, 0x00000005d7d80000, 0x0000000715d80000)
  object space 366080K, 13% used [0x00000005c1800000,0x00000005c499d950,0x00000005d7d80000)
 Metaspace       used 41635K, capacity 41875K, committed 42368K, reserved 1085440K
  class space    used 5606K, capacity 5681K, committed 5760K, reserved 1048576K

Card table byte_map: [0x000001f672560000,0x000001f673560000] byte_map_base: 0x000001f66f754000

Marking Bits: (ParMarkBitMap*) 0x000000005c3f1860
 Begin Bits: [0x000001f600000000, 0x000001f607fa0000)
 End Bits:   [0x000001f607fa0000, 0x000001f60ff40000)

Polling page: 0x000001f661710000

CodeCache: size=245760Kb used=10081Kb max_used=11283Kb free=235678Kb
 bounds [0x000001f6631a0000, 0x000001f663cc0000, 0x000001f6721a0000]
 total_blobs=3656 nmethods=2925 adapters=643
 compilation: enabled

Compilation events (10 events):
Event: 5.525 Thread 0x000001f678284000 3349       3       java.awt.image.BufferedImage::getRGB (231 bytes)
Event: 5.526 Thread 0x000001f678284000 nmethod 3349 0x000001f663598190 code [0x000001f6635983e0, 0x000001f663599640]
Event: 5.530 Thread 0x000001f678284000 3350       3       java.awt.font.FontRenderContext::getTransform (29 bytes)
Event: 5.530 Thread 0x000001f678284000 nmethod 3350 0x000001f663515c10 code [0x000001f663515da0, 0x000001f663516130]
Event: 5.530 Thread 0x000001f678284000 3351       3       org.newdawn.slick.Image::init (109 bytes)
Event: 5.530 Thread 0x000001f678284000 nmethod 3351 0x000001f6633ea550 code [0x000001f6633ea700, 0x000001f6633ead00]
Event: 5.531 Thread 0x000001f678284000 3353       1       net.minecraft.client.renderer.vertex.VertexFormatElement::getUsage (5 bytes)
Event: 5.531 Thread 0x000001f678284000 nmethod 3353 0x000001f66330f7d0 code [0x000001f66330f920, 0x000001f66330fa38]
Event: 5.531 Thread 0x000001f678284000 3352       3       sun.font.GlyphLayout$LayoutEngineKey::init (16 bytes)
Event: 5.531 Thread 0x000001f678284000 nmethod 3352 0x000001f66332f750 code [0x000001f66332f8a0, 0x000001f66332fa18]

GC Heap History (10 events):
Event: 3.596 GC heap before
{Heap before GC invocations=5 (full 2):
 PSYoungGen      total 153088K, used 131584K [0x0000000715d80000, 0x0000000723600000, 0x00000007c0000000)
  eden space 131584K, 100% used [0x0000000715d80000,0x000000071de00000,0x000000071de00000)
  from space 21504K, 0% used [0x000000071f300000,0x000000071f300000,0x0000000720800000)
  to   space 21504K, 0% used [0x000000071de00000,0x000000071de00000,0x000000071f300000)
 ParOldGen       total 232960K, used 5061K [0x00000005c1800000, 0x00000005cfb80000, 0x0000000715d80000)
  object space 232960K, 2% used [0x00000005c1800000,0x00000005c1cf1570,0x00000005cfb80000)
 Metaspace       used 32827K, capacity 33004K, committed 33280K, reserved 1077248K
  class space    used 4490K, capacity 4551K, committed 4608K, reserved 1048576K
Event: 3.604 GC heap after
Heap after GC invocations=5 (full 2):
 PSYoungGen      total 153088K, used 21489K [0x0000000715d80000, 0x0000000722d80000, 0x00000007c0000000)
  eden space 131584K, 0% used [0x0000000715d80000,0x0000000715d80000,0x000000071de00000)
  from space 21504K, 99% used [0x000000071de00000,0x000000071f2fc5c8,0x000000071f300000)
  to   space 21504K, 0% used [0x0000000721880000,0x0000000721880000,0x0000000722d80000)
 ParOldGen       total 232960K, used 9072K [0x00000005c1800000, 0x00000005cfb80000, 0x0000000715d80000)
  object space 232960K, 3% used [0x00000005c1800000,0x00000005c20dc138,0x00000005cfb80000)
 Metaspace       used 32827K, capacity 33004K, committed 33280K, reserved 1077248K
  class space    used 4490K, capacity 4551K, committed 4608K, reserved 1048576K
}
Event: 3.814 GC heap before
{Heap before GC invocations=6 (full 2):
 PSYoungGen      total 153088K, used 153073K [0x0000000715d80000, 0x0000000722d80000, 0x00000007c0000000)
  eden space 131584K, 100% used [0x0000000715d80000,0x000000071de00000,0x000000071de00000)
  from space 21504K, 99% used [0x000000071de00000,0x000000071f2fc5c8,0x000000071f300000)
  to   space 21504K, 0% used [0x0000000721880000,0x0000000721880000,0x0000000722d80000)
 ParOldGen       total 232960K, used 9072K [0x00000005c1800000, 0x00000005cfb80000, 0x0000000715d80000)
  object space 232960K, 3% used [0x00000005c1800000,0x00000005c20dc138,0x00000005cfb80000)
 Metaspace       used 32864K, capacity 33132K, committed 33280K, reserved 1077248K
  class space    used 4490K, capacity 4551K, committed 4608K, reserved 1048576K
Event: 3.828 GC heap after
Heap after GC invocations=6 (full 2):
 PSYoungGen      total 191488K, used 21501K [0x0000000715d80000, 0x0000000725700000, 0x00000007c0000000)
  eden space 169984K, 0% used [0x0000000715d80000,0x0000000715d80000,0x0000000720380000)
  from space 21504K, 99% used [0x0000000721880000,0x0000000722d7f5d0,0x0000000722d80000)
  to   space 21504K, 0% used [0x0000000720380000,0x0000000720380000,0x0000000721880000)
 ParOldGen       total 232960K, used 17760K [0x00000005c1800000, 0x00000005cfb80000, 0x0000000715d80000)
  object space 232960K, 7% used [0x00000005c1800000,0x00000005c2958148,0x00000005cfb80000)
 Metaspace       used 32864K, capacity 33132K, committed 33280K, reserved 1077248K
  class space    used 4490K, capacity 4551K, committed 4608K, reserved 1048576K
}
Event: 4.429 GC heap before
{Heap before GC invocations=7 (full 2):
 PSYoungGen      total 191488K, used 191485K [0x0000000715d80000, 0x0000000725700000, 0x00000007c0000000)
  eden space 169984K, 100% used [0x0000000715d80000,0x0000000720380000,0x0000000720380000)
  from space 21504K, 99% used [0x0000000721880000,0x0000000722d7f5d0,0x0000000722d80000)
  to   space 21504K, 0% used [0x0000000720380000,0x0000000720380000,0x0000000721880000)
 ParOldGen       total 232960K, used 17760K [0x00000005c1800000, 0x00000005cfb80000, 0x0000000715d80000)
  object space 232960K, 7% used [0x00000005c1800000,0x00000005c2958148,0x00000005cfb80000)
 Metaspace       used 37439K, capacity 37648K, committed 37888K, reserved 1081344K
  class space    used 5210K, capacity 5289K, committed 5376K, reserved 1048576K
Event: 4.449 GC heap after
Heap after GC invocations=7 (full 2):
 PSYoungGen      total 191488K, used 21472K [0x0000000715d80000, 0x0000000729680000, 0x00000007c0000000)
  eden space 169984K, 0% used [0x0000000715d80000,0x0000000715d80000,0x0000000720380000)
  from space 21504K, 99% used [0x0000000720380000,0x0000000721878020,0x0000000721880000)
  to   space 21504K, 0% used [0x0000000728180000,0x0000000728180000,0x0000000729680000)
 ParOldGen       total 232960K, used 39654K [0x00000005c1800000, 0x00000005cfb80000, 0x0000000715d80000)
  object space 232960K, 17% used [0x00000005c1800000,0x00000005c3eb9ba0,0x00000005cfb80000)
 Metaspace       used 37439K, capacity 37648K, committed 37888K, reserved 1081344K
  class space    used 5210K, capacity 5289K, committed 5376K, reserved 1048576K
}
Event: 4.556 GC heap before
{Heap before GC invocations=8 (full 2):
 PSYoungGen      total 191488K, used 38939K [0x0000000715d80000, 0x0000000729680000, 0x00000007c0000000)
  eden space 169984K, 10% used [0x0000000715d80000,0x0000000716e8ec18,0x0000000720380000)
  from space 21504K, 99% used [0x0000000720380000,0x0000000721878020,0x0000000721880000)
  to   space 21504K, 0% used [0x0000000728180000,0x0000000728180000,0x0000000729680000)
 ParOldGen       total 232960K, used 39654K [0x00000005c1800000, 0x00000005cfb80000, 0x0000000715d80000)
  object space 232960K, 17% used [0x00000005c1800000,0x00000005c3eb9ba0,0x00000005cfb80000)
 Metaspace       used 37965K, capacity 38131K, committed 38400K, reserved 1083392K
  class space    used 5220K, capacity 5289K, committed 5376K, reserved 1048576K
Event: 4.565 GC heap after
Heap after GC invocations=8 (full 2):
 PSYoungGen      total 271360K, used 21495K [0x0000000715d80000, 0x000000072da00000, 0x00000007c0000000)
  eden space 249856K, 0% used [0x0000000715d80000,0x0000000715d80000,0x0000000725180000)
  from space 21504K, 99% used [0x0000000728180000,0x000000072967df78,0x0000000729680000)
  to   space 49152K, 0% used [0x0000000725180000,0x0000000725180000,0x0000000728180000)
 ParOldGen       total 232960K, used 39856K [0x00000005c1800000, 0x00000005cfb80000, 0x0000000715d80000)
  object space 232960K, 17% used [0x00000005c1800000,0x00000005c3eec108,0x00000005cfb80000)
 Metaspace       used 37965K, capacity 38131K, committed 38400K, reserved 1083392K
  class space    used 5220K, capacity 5289K, committed 5376K, reserved 1048576K
}
Event: 4.565 GC heap before
{Heap before GC invocations=9 (full 3):
 PSYoungGen      total 271360K, used 21495K [0x0000000715d80000, 0x000000072da00000, 0x00000007c0000000)
  eden space 249856K, 0% used [0x0000000715d80000,0x0000000715d80000,0x0000000725180000)
  from space 21504K, 99% used [0x0000000728180000,0x000000072967df78,0x0000000729680000)
  to   space 49152K, 0% used [0x0000000725180000,0x0000000725180000,0x0000000728180000)
 ParOldGen       total 232960K, used 39856K [0x00000005c1800000, 0x00000005cfb80000, 0x0000000715d80000)
  object space 232960K, 17% used [0x00000005c1800000,0x00000005c3eec108,0x00000005cfb80000)
 Metaspace       used 37965K, capacity 38131K, committed 38400K, reserved 1083392K
  class space    used 5220K, capacity 5289K, committed 5376K, reserved 1048576K
Event: 4.644 GC heap after
Heap after GC invocations=9 (full 3):
 PSYoungGen      total 271360K, used 0K [0x0000000715d80000, 0x000000072da00000, 0x00000007c0000000)
  eden space 249856K, 0% used [0x0000000715d80000,0x0000000715d80000,0x0000000725180000)
  from space 21504K, 0% used [0x0000000728180000,0x0000000728180000,0x0000000729680000)
  to   space 49152K, 0% used [0x0000000725180000,0x0000000725180000,0x0000000728180000)
 ParOldGen       total 366080K, used 50806K [0x00000005c1800000, 0x00000005d7d80000, 0x0000000715d80000)
  object space 366080K, 13% used [0x00000005c1800000,0x00000005c499d950,0x00000005d7d80000)
 Metaspace       used 37965K, capacity 38131K, committed 38400K, reserved 1083392K
  class space    used 5220K, capacity 5289K, committed 5376K, reserved 1048576K
}

Deoptimization events (10 events):
Event: 4.888 Thread 0x000001f661783800 Uncommon trap: reason=unstable_if action=reinterpret pc=0x000001f6638fb12c method=com.google.gson.stream.JsonReader.nextNonWhitespace(Z)I @ 61
Event: 4.888 Thread 0x000001f661783800 Uncommon trap: reason=unstable_if action=reinterpret pc=0x000001f6639186e4 method=com.google.gson.stream.JsonReader.nextQuotedValue(C)Ljava/lang/String; @ 81
Event: 5.019 Thread 0x000001f661783800 Uncommon trap: reason=class_check action=maybe_recompile pc=0x000001f663ba97b4 method=net.minecraft.launchwrapper.LaunchClassLoader.findClass(Ljava/lang/String;)Ljava/lang/Class; @ 287
Event: 5.041 Thread 0x000001f661783800 Uncommon trap: reason=unstable_if action=reinterpret pc=0x000001f6639e98e8 method=java.io.WinNTFileSystem.prefixLength(Ljava/lang/String;)I @ 42
Event: 5.238 Thread 0x000001f661783800 Uncommon trap: reason=unstable_if action=reinterpret pc=0x000001f66348e0e8 method=java.lang.Math.max(FF)F @ 11
Event: 5.251 Thread 0x000001f661783800 Uncommon trap: reason=bimorphic action=maybe_recompile pc=0x000001f663a30078 method=java.util.HashMap.putVal(ILjava/lang/Object;Ljava/lang/Object;ZZ)Ljava/lang/Object; @ 253
Event: 5.252 Thread 0x000001f661783800 Uncommon trap: reason=bimorphic action=maybe_recompile pc=0x000001f663a30078 method=java.util.HashMap.putVal(ILjava/lang/Object;Ljava/lang/Object;ZZ)Ljava/lang/Object; @ 253
Event: 5.253 Thread 0x000001f661783800 Uncommon trap: reason=bimorphic action=maybe_recompile pc=0x000001f663a2e904 method=java.util.HashMap.putVal(ILjava/lang/Object;Ljava/lang/Object;ZZ)Ljava/lang/Object; @ 253
Event: 5.307 Thread 0x000001f67c3e8800 Uncommon trap: reason=null_check action=make_not_entrant pc=0x000001f663c6972c method=sun.nio.cs.ThreadLocalCoders$Cache.forName(Ljava/lang/Object;)Ljava/lang/Object; @ 7
Event: 5.518 Thread 0x000001f661783800 Uncommon trap: reason=unstable_if action=reinterpret pc=0x000001f663556e98 method=java.awt.image.BufferedImage.getRGB(IIII[III)[I @ 163

Classes redefined (0 events):
No events

Internal exceptions (10 events):
Event: 5.527 Thread 0x000001f67c3ed800 Exception <a 'org/lwjgl/LWJGLException'> (0x000000072413b2d0) thrown at [C:\wsjdk\Corretto8Src\installers\windows\zip\corretto-build\buildRoot\src\hotspot\src\share\vm\prims\jni.cpp, line 711]
Event: 5.527 Thread 0x000001f67c3ed800 Exception <a 'org/lwjgl/LWJGLException'> (0x000000072413b928) thrown at [C:\wsjdk\Corretto8Src\installers\windows\zip\corretto-build\buildRoot\src\hotspot\src\share\vm\prims\jni.cpp, line 711]
Event: 5.527 Thread 0x000001f67c3ed800 Exception <a 'org/lwjgl/LWJGLException'> (0x000000072413c038) thrown at [C:\wsjdk\Corretto8Src\installers\windows\zip\corretto-build\buildRoot\src\hotspot\src\share\vm\prims\jni.cpp, line 711]
Event: 5.527 Thread 0x000001f67c3ed800 Exception <a 'org/lwjgl/LWJGLException'> (0x000000072413c708) thrown at [C:\wsjdk\Corretto8Src\installers\windows\zip\corretto-build\buildRoot\src\hotspot\src\share\vm\prims\jni.cpp, line 711]
Event: 5.527 Thread 0x000001f67c3ed800 Exception <a 'org/lwjgl/LWJGLException'> (0x000000072413cd50) thrown at [C:\wsjdk\Corretto8Src\installers\windows\zip\corretto-build\buildRoot\src\hotspot\src\share\vm\prims\jni.cpp, line 711]
Event: 5.527 Thread 0x000001f67c3ed800 Exception <a 'org/lwjgl/LWJGLException'> (0x000000072413d3c8) thrown at [C:\wsjdk\Corretto8Src\installers\windows\zip\corretto-build\buildRoot\src\hotspot\src\share\vm\prims\jni.cpp, line 711]
Event: 5.527 Thread 0x000001f67c3ed800 Exception <a 'org/lwjgl/LWJGLException'> (0x000000072413db90) thrown at [C:\wsjdk\Corretto8Src\installers\windows\zip\corretto-build\buildRoot\src\hotspot\src\share\vm\prims\jni.cpp, line 711]
Event: 5.527 Thread 0x000001f67c3ed800 Exception <a 'org/lwjgl/LWJGLException'> (0x000000072413e300) thrown at [C:\wsjdk\Corretto8Src\installers\windows\zip\corretto-build\buildRoot\src\hotspot\src\share\vm\prims\jni.cpp, line 711]
Event: 5.527 Thread 0x000001f67c3ed800 Exception <a 'org/lwjgl/LWJGLException'> (0x000000072413ea70) thrown at [C:\wsjdk\Corretto8Src\installers\windows\zip\corretto-build\buildRoot\src\hotspot\src\share\vm\prims\jni.cpp, line 711]
Event: 5.528 Thread 0x000001f67c3ed800 Exception <a 'org/lwjgl/LWJGLException'> (0x000000072413f120) thrown at [C:\wsjdk\Corretto8Src\installers\windows\zip\corretto-build\buildRoot\src\hotspot\src\share\vm\prims\jni.cpp, line 711]

Events (10 events):
Event: 5.531 Thread 0x000001f678284000 flushing nmethod 0x000001f6638e8b10
Event: 5.531 Thread 0x000001f678284000 flushing nmethod 0x000001f6638ef090
Event: 5.537 loading class org/lwjgl/openal/ALCdevice
Event: 5.537 loading class org/lwjgl/openal/ALCdevice done
Event: 5.537 loading class org/lwjgl/openal/ALCcontext
Event: 5.537 loading class org/lwjgl/openal/ALCcontext done
Event: 5.538 loading class org/lwjgl/openal/Util
Event: 5.538 loading class org/lwjgl/openal/Util done
Event: 5.538 loading class org/lwjgl/openal/OpenALException
Event: 5.538 loading class org/lwjgl/openal/OpenALException done


Dynamic libraries:
0x00007ff7f5140000 - 0x00007ff7f517a000 	C:\Users\Andy2k21 LTSC\.jdks\corretto-1.8.0_312\bin\java.exe
0x00007ff8ca120000 - 0x00007ff8ca30d000 	C:\Windows\SYSTEM32\ntdll.dll
0x00007ff8c7350000 - 0x00007ff8c7404000 	C:\Windows\System32\KERNEL32.DLL
0x00007ff8c6fd0000 - 0x00007ff8c7264000 	C:\Windows\System32\KERNELBASE.dll
0x00007ff8c8db0000 - 0x00007ff8c8e57000 	C:\Windows\System32\ADVAPI32.dll
0x00007ff8c8d00000 - 0x00007ff8c8d9e000 	C:\Windows\System32\msvcrt.dll
0x00007ff8c9520000 - 0x00007ff8c95bf000 	C:\Windows\System32\sechost.dll
0x00007ff8c9400000 - 0x00007ff8c951d000 	C:\Windows\System32\RPCRT4.dll
0x00007ff8c9120000 - 0x00007ff8c92b7000 	C:\Windows\System32\USER32.dll
0x00007ff8c6520000 - 0x00007ff8c6540000 	C:\Windows\System32\win32u.dll
0x00007ff8c9d20000 - 0x00007ff8c9d49000 	C:\Windows\System32\GDI32.dll
0x00007ff8c6610000 - 0x00007ff8c67ac000 	C:\Windows\System32\gdi32full.dll
0x00007ff8c6570000 - 0x00007ff8c6610000 	C:\Windows\System32\msvcp_win.dll
0x00007ff8c61b0000 - 0x00007ff8c62aa000 	C:\Windows\System32\ucrtbase.dll
0x00007ff8b5970000 - 0x00007ff8b5be9000 	C:\Windows\WinSxS\amd64_microsoft.windows.common-controls_6595b64144ccf1df_6.0.17763.2565_none_de7373805349545e\COMCTL32.dll
0x00007ff8c89d0000 - 0x00007ff8c8cfd000 	C:\Windows\System32\combase.dll
0x00007ff8c7270000 - 0x00007ff8c72f2000 	C:\Windows\System32\bcryptPrimitives.dll
0x00007ff8c93d0000 - 0x00007ff8c93fe000 	C:\Windows\System32\IMM32.DLL
0x00007ff8731d0000 - 0x00007ff8732bf000 	C:\Users\Andy2k21 LTSC\.jdks\corretto-1.8.0_312\jre\bin\msvcr120.dll
0x00007ff8763b0000 - 0x00007ff876456000 	C:\Users\Andy2k21 LTSC\.jdks\corretto-1.8.0_312\jre\bin\msvcp120.dll
0x000000005bc00000 - 0x000000005c470000 	C:\Users\Andy2k21 LTSC\.jdks\corretto-1.8.0_312\jre\bin\server\jvm.dll
0x00007ff8ca0e0000 - 0x00007ff8ca0e8000 	C:\Windows\System32\PSAPI.DLL
0x00007ff8af430000 - 0x00007ff8af439000 	C:\Windows\SYSTEM32\WSOCK32.dll
0x00007ff8c07a0000 - 0x00007ff8c07aa000 	C:\Windows\SYSTEM32\VERSION.dll
0x00007ff8c4180000 - 0x00007ff8c41a4000 	C:\Windows\SYSTEM32\WINMM.dll
0x00007ff8c9e80000 - 0x00007ff8c9eed000 	C:\Windows\System32\WS2_32.dll
0x00007ff8c4060000 - 0x00007ff8c408d000 	C:\Windows\SYSTEM32\winmmbase.dll
0x00007ff8c7300000 - 0x00007ff8c734a000 	C:\Windows\System32\cfgmgr32.dll
0x00007ff8c25d0000 - 0x00007ff8c25df000 	C:\Users\Andy2k21 LTSC\.jdks\corretto-1.8.0_312\jre\bin\verify.dll
0x00007ff89d7b0000 - 0x00007ff89d7d9000 	C:\Users\Andy2k21 LTSC\.jdks\corretto-1.8.0_312\jre\bin\java.dll
0x00007ff87ba90000 - 0x00007ff87baba000 	C:\Users\Andy2k21 LTSC\.jdks\corretto-1.8.0_312\jre\bin\instrument.dll
0x00007ff89d510000 - 0x00007ff89d526000 	C:\Users\Andy2k21 LTSC\.jdks\corretto-1.8.0_312\jre\bin\zip.dll
0x00007ff8c7470000 - 0x00007ff8c8969000 	C:\Windows\System32\SHELL32.dll
0x00007ff8c92c0000 - 0x00007ff8c9368000 	C:\Windows\System32\shcore.dll
0x00007ff8c6880000 - 0x00007ff8c6fc8000 	C:\Windows\System32\windows.storage.dll
0x00007ff8c6160000 - 0x00007ff8c6184000 	C:\Windows\System32\profapi.dll
0x00007ff8c60e0000 - 0x00007ff8c613d000 	C:\Windows\System32\powrprof.dll
0x00007ff8c9370000 - 0x00007ff8c93c2000 	C:\Windows\System32\shlwapi.dll
0x00007ff8c6190000 - 0x00007ff8c61a1000 	C:\Windows\System32\kernel.appcore.dll
0x00007ff8c67b0000 - 0x00007ff8c67c7000 	C:\Windows\System32\cryptsp.dll
0x00007ff8992a0000 - 0x00007ff8992ba000 	C:\Program Files\JetBrains\IntelliJ IDEA Community Edition 2021.3\bin\breakgen64.dll
0x00007ff89d430000 - 0x00007ff89d44a000 	C:\Users\Andy2k21 LTSC\.jdks\corretto-1.8.0_312\jre\bin\net.dll
0x00007ff8c58e0000 - 0x00007ff8c5947000 	C:\Windows\system32\mswsock.dll
0x00007ff8af2b0000 - 0x00007ff8af2bd000 	C:\Users\Andy2k21 LTSC\.jdks\corretto-1.8.0_312\jre\bin\management.dll
0x00007ff89d390000 - 0x00007ff89d3a2000 	C:\Users\Andy2k21 LTSC\.jdks\corretto-1.8.0_312\jre\bin\nio.dll
0x00007ff8a77c0000 - 0x00007ff8a77d6000 	C:\Windows\system32\napinsp.dll
0x00007ff8a77a0000 - 0x00007ff8a77ba000 	C:\Windows\system32\pnrpnsp.dll
0x00007ff8c5640000 - 0x00007ff8c5706000 	C:\Windows\SYSTEM32\DNSAPI.dll
0x00007ff8c8f00000 - 0x00007ff8c8f08000 	C:\Windows\System32\NSI.dll
0x00007ff8c5600000 - 0x00007ff8c563e000 	C:\Windows\SYSTEM32\IPHLPAPI.DLL
0x00007ff8a7790000 - 0x00007ff8a779e000 	C:\Windows\System32\winrnr.dll
0x00007ff8c2f00000 - 0x00007ff8c2f1b000 	C:\Windows\system32\NLAapi.dll
0x00007ff8a7770000 - 0x00007ff8a7785000 	C:\Windows\system32\wshbth.dll
0x00007ff8b7b90000 - 0x00007ff8b7b9a000 	C:\Windows\System32\rasadhlp.dll
0x00007ff8b9090000 - 0x00007ff8b9109000 	C:\Windows\System32\fwpuclnt.dll
0x00007ff8c6540000 - 0x00007ff8c6566000 	C:\Windows\System32\bcrypt.dll
0x00007ff8c5470000 - 0x00007ff8c54a3000 	C:\Windows\system32\rsaenh.dll
0x00007ff8c6010000 - 0x00007ff8c6039000 	C:\Windows\SYSTEM32\USERENV.dll
0x00007ff8c5a60000 - 0x00007ff8c5a6c000 	C:\Windows\SYSTEM32\CRYPTBASE.dll
0x00007ff8c08b0000 - 0x00007ff8c08c6000 	C:\Windows\SYSTEM32\dhcpcsvc6.DLL
0x00007ff8c0820000 - 0x00007ff8c083c000 	C:\Windows\SYSTEM32\dhcpcsvc.DLL
0x0000000180000000 - 0x0000000180053000 	C:\Users\Andy2k21 LTSC\.gradle\caches\minecraft\net\minecraft\natives\1.8.9\lwjgl64.dll
0x00007ff877cc0000 - 0x00007ff877de7000 	C:\Windows\SYSTEM32\OPENGL32.dll
0x00007ff8acbb0000 - 0x00007ff8acbdc000 	C:\Windows\SYSTEM32\GLU32.dll
0x00007ff871560000 - 0x00007ff8716f5000 	C:\Users\Andy2k21 LTSC\.jdks\corretto-1.8.0_312\jre\bin\awt.dll
0x00007ff8c9670000 - 0x00007ff8c9734000 	C:\Windows\System32\OLEAUT32.dll
0x00007ff8c42e0000 - 0x00007ff8c436c000 	C:\Windows\SYSTEM32\apphelp.dll
0x00007ff8719a0000 - 0x00007ff8719e2000 	C:\Users\Andy2k21 LTSC\AppData\Local\Temp\jna--2002961634\jna2963133134574784196.dll
0x00007ff871770000 - 0x00007ff87180c000 	C:\Users\Andy2k21 LTSC\AppData\Local\Temp\discord-rpc\discord-rpc.dll
0x00007ff8c4600000 - 0x00007ff8c469c000 	C:\Windows\system32\uxtheme.dll
0x00007ff8c9f70000 - 0x00007ff8ca0db000 	C:\Windows\System32\MSCTF.dll
0x00007ff8c4940000 - 0x00007ff8c496e000 	C:\Windows\system32\dwmapi.dll
0x00007ff8c6320000 - 0x00007ff8c6515000 	C:\Windows\System32\CRYPT32.dll
0x00007ff8c6140000 - 0x00007ff8c6152000 	C:\Windows\System32\MSASN1.dll
0x00007ff8b5eb0000 - 0x00007ff8b5f43000 	C:\Windows\System32\TextInputFramework.dll
0x00007ff8c3f70000 - 0x00007ff8c4051000 	C:\Windows\System32\CoreMessaging.dll
0x00007ff8bfe50000 - 0x00007ff8c0172000 	C:\Windows\System32\CoreUIComponents.dll
0x00007ff8c50b0000 - 0x00007ff8c50e1000 	C:\Windows\SYSTEM32\ntmarta.dll
0x00007ff8c2330000 - 0x00007ff8c2481000 	C:\Windows\SYSTEM32\wintypes.dll
0x00007ff8405c0000 - 0x00007ff84357f000 	C:\Windows\System32\DriverStore\FileRepository\nv_dispi.inf_amd64_0bc9105c62ca22fb\nvoglv64.dll
0x00007ff8c98a0000 - 0x00007ff8c9d16000 	C:\Windows\System32\SETUPAPI.dll
0x00007ff8c9740000 - 0x00007ff8c9896000 	C:\Windows\System32\ole32.dll
0x00007ff8c2300000 - 0x00007ff8c2313000 	C:\Windows\SYSTEM32\WTSAPI32.dll
0x00007ff8c0650000 - 0x00007ff8c067f000 	C:\Windows\SYSTEM32\cryptnet.dll
0x00007ff8be8f0000 - 0x00007ff8bea1c000 	C:\Windows\SYSTEM32\drvstore.dll
0x00007ff8c5ee0000 - 0x00007ff8c5f09000 	C:\Windows\SYSTEM32\devobj.dll
0x00007ff8c5af0000 - 0x00007ff8c5b15000 	C:\Windows\SYSTEM32\wldp.dll
0x00007ff8c62b0000 - 0x00007ff8c6311000 	C:\Windows\System32\WINTRUST.dll
0x00007ff862300000 - 0x00007ff8625c5000 	C:\Windows\system32\nvspcap64.dll
0x00007ff8b39f0000 - 0x00007ff8b3a9d000 	C:\Windows\SYSTEM32\mscms.dll
0x00007ff8b39e0000 - 0x00007ff8b39f0000 	C:\Windows\SYSTEM32\ColorAdapterClient.dll
0x00007ff8b62f0000 - 0x00007ff8b6333000 	C:\Windows\SYSTEM32\icm32.dll
0x00007ff8c5120000 - 0x00007ff8c5178000 	C:\Windows\SYSTEM32\WINSTA.dll
0x00007ff8714c0000 - 0x00007ff871560000 	C:\Users\Andy2k21 LTSC\.jdks\corretto-1.8.0_312\jre\bin\freetype.dll
0x00007ff8713e0000 - 0x00007ff8714b4000 	C:\Users\Andy2k21 LTSC\.jdks\corretto-1.8.0_312\jre\bin\fontmanager.dll
0x00007ff8bc610000 - 0x00007ff8bc7ae000 	C:\Windows\system32\d3d9.dll
0x00007ff8bdd80000 - 0x00007ff8bde86000 	C:\Windows\System32\DriverStore\FileRepository\nv_dispi.inf_amd64_0bc9105c62ca22fb\nvldumdx.dll
0x00007ff8c8ee0000 - 0x00007ff8c8efd000 	C:\Windows\System32\imagehlp.dll
0x00007ff848440000 - 0x00007ff849bd5000 	C:\Windows\System32\DriverStore\FileRepository\nv_dispi.inf_amd64_0bc9105c62ca22fb\nvd3dumx.dll
0x00007ff8c4ce0000 - 0x00007ff8c4d02000 	C:\Windows\SYSTEM32\gpapi.dll
0x0000000070a40000 - 0x0000000070adc000 	C:\Users\Andy2k21 LTSC\.gradle\caches\minecraft\net\minecraft\natives\1.8.9\avutil-ttv-51.dll
0x0000000065980000 - 0x00000000659d6000 	C:\Users\Andy2k21 LTSC\.gradle\caches\minecraft\net\minecraft\natives\1.8.9\swresample-ttv-0.dll
0x000000006eb80000 - 0x000000006ec50000 	C:\Users\Andy2k21 LTSC\.gradle\caches\minecraft\net\minecraft\natives\1.8.9\libmp3lame-ttv.dll
0x00007ff844080000 - 0x00007ff845424000 	C:\Users\Andy2k21 LTSC\.gradle\caches\minecraft\net\minecraft\natives\1.8.9\libmfxsw64.dll
0x00007ff86a100000 - 0x00007ff86a26d000 	C:\Users\Andy2k21 LTSC\.gradle\caches\minecraft\net\minecraft\natives\1.8.9\twitchsdk.dll
0x00007ff8ae550000 - 0x00007ff8aea31000 	C:\Windows\SYSTEM32\WININET.dll
0x000001f6159d0000 - 0x000001f615a34000 	C:\Users\Andy2k21 LTSC\.gradle\caches\minecraft\net\minecraft\natives\1.8.9\OpenAL64.dll
0x00007ff8c95c0000 - 0x00007ff8c9662000 	C:\Windows\System32\clbcatq.dll
0x00007ff8b94b0000 - 0x00007ff8b9520000 	C:\Windows\System32\MMDevApi.dll
0x00007ff8c1b60000 - 0x00007ff8c1d09000 	C:\Windows\System32\PROPSYS.dll
0x00007ff8af2c0000 - 0x00007ff8af356000 	C:\Windows\SYSTEM32\dsound.dll
0x00007ff89ef50000 - 0x00007ff89f09a000 	C:\Windows\SYSTEM32\AUDIOSES.DLL
0x00007ff8c0e10000 - 0x00007ff8c0e1a000 	C:\Windows\SYSTEM32\AVRT.dll
0x00007ff8b7620000 - 0x00007ff8b780d000 	C:\Windows\SYSTEM32\dbghelp.dll

VM Arguments:
jvm_args: -javaagent:C:\Program Files\JetBrains\IntelliJ IDEA Community Edition 2021.3\lib\idea_rt.jar=60293:C:\Program Files\JetBrains\IntelliJ IDEA Community Edition 2021.3\bin -Dfile.encoding=UTF-8 
java_command: GradleStart --tweakClass uk.to.and1558.mixins.and1558Tweaker
java_class_path (initial): C:\Users\Andy2k21 LTSC\.jdks\corretto-1.8.0_312\jre\lib\charsets.jar;C:\Users\Andy2k21 LTSC\.jdks\corretto-1.8.0_312\jre\lib\ext\access-bridge-64.jar;C:\Users\Andy2k21 LTSC\.jdks\corretto-1.8.0_312\jre\lib\ext\cldrdata.jar;C:\Users\Andy2k21 LTSC\.jdks\corretto-1.8.0_312\jre\lib\ext\dnsns.jar;C:\Users\Andy2k21 LTSC\.jdks\corretto-1.8.0_312\jre\lib\ext\jaccess.jar;C:\Users\Andy2k21 LTSC\.jdks\corretto-1.8.0_312\jre\lib\ext\jfxrt.jar;C:\Users\Andy2k21 LTSC\.jdks\corretto-1.8.0_312\jre\lib\ext\localedata.jar;C:\Users\Andy2k21 LTSC\.jdks\corretto-1.8.0_312\jre\lib\ext\nashorn.jar;C:\Users\Andy2k21 LTSC\.jdks\corretto-1.8.0_312\jre\lib\ext\sunec.jar;C:\Users\Andy2k21 LTSC\.jdks\corretto-1.8.0_312\jre\lib\ext\sunjce_provider.jar;C:\Users\Andy2k21 LTSC\.jdks\corretto-1.8.0_312\jre\lib\ext\sunmscapi.jar;C:\Users\Andy2k21 LTSC\.jdks\corretto-1.8.0_312\jre\lib\ext\sunpkcs11.jar;C:\Users\Andy2k21 LTSC\.jdks\corretto-1.8.0_312\jre\lib\ext\zipfs.jar;C:\Users\Andy2k21 LTSC\.jdks\corretto-1.8.0_312\jre\lib\jce.jar;C:\Users\Andy2k21 LTSC\.jdks\corretto-1.8.0_312\jre\lib\jfr.jar;C:\Users\Andy2k21 LTSC\.jdks\corretto-1.8.0_312\jre\lib\jfxswt.jar;C:\Users\Andy2k21 LTSC\.jdks\corretto-1.8.0_312\jre\lib\jsse.jar;C:\Users\Andy2k21 LTSC\.jdks\corretto-1.8.0_312\jre\lib\management-agent.jar;C:\Users\Andy2k21 LTSC\.jdks\corretto-1.8.0_312\jre\lib\resources.jar;C:\Users\Andy2k21 LTSC\.jdks\corretto-1.8.0_312\jre\lib\rt.jar;C:\Users\Andy2k21 LTSC\Desktop\Folders\and1558\build\classes\java\main;C:\Users\Andy2k21 LTSC\Desktop\Folders\and1558\build\resources\main;C:\Users\Andy2k21 LTSC\.gradle\caches\minecraft\deobfedDeps\compileDummy.jar;C:\Users\Andy2k21 LTSC\.gradle\caches\minecraft\deobfedDeps\providedDummy.jar;C:\Users\Andy2k21 LTSC\Desktop\Folders\and1558\src\libs\slick.jar;C:\Users\Andy2k21 LTSC\.gradle\caches\modules-2\files-2.1\org.spongepowered\mixin\0.7.11-SNAPSHOT\7a670207bdb97db418118ad1e9bb42424ff3776d\mixin-0.7.11-SNAPSHOT.jar;C:\Users\Andy2k21 LTSC\.gr
Launcher Type: SUN_STANDARD

Environment Variables:
PATH=C:\Program Files (x86)\Embarcadero\Studio\21.0\bin;C:\Users\Public\Documents\Embarcadero\Studio\21.0\Bpl;C:\Program Files (x86)\Embarcadero\Studio\21.0\bin64;C:\Users\Public\Documents\Embarcadero\Studio\21.0\Bpl\Win64;C:\Program Files (x86)\VMware\VMware Workstation\bin\;C:\Program Files\Zulu\zulu-17\bin\;C:\Program Files\Java\jre1.8.0_202\bin;C:\Windows\system32;C:\Windows;C:\Windows\System32\Wbem;C:\Windows\System32\WindowsPowerShell\v1.0\;C:\Windows\System32\OpenSSH\;C:\Program Files (x86)\NVIDIA Corporation\PhysX\Common;C:\Program Files\NVIDIA Corporation\NVIDIA NvDLISR;C:\Program Files\Cloudflare\Cloudflare WARP;C:\Program Files\Git\cmd;C:\Users\Andy2k21 LTSC\AppData\Local\Programs\Python\Python39\Scripts\;C:\Users\Andy2k21 LTSC\AppData\Local\Programs\Python\Python39\;C:\Users\Andy2k21 LTSC\AppData\Local\Microsoft\WindowsApps;C:\Users\Andy2k21 LTSC\AppData\Local\Programs\Microsoft VS Code\bin
USERNAME=Andy2k21 LTSC
OS=Windows_NT
PROCESSOR_IDENTIFIER=AMD64 Family 23 Model 113 Stepping 0, AuthenticAMD



---------------  S Y S T E M  ---------------

OS: Windows 10.0 , 64 bit Build 17763 (10.0.17763.2452)

CPU:total 12 (initial active 12) (12 cores per cpu, 1 threads per core) family 23 model 113 stepping 0, cmov, cx8, fxsr, mmx, sse, sse2, sse3, ssse3, sse4.1, sse4.2, popcnt, avx, avx2, aes, clmul, mmxext, 3dnowpref, lzcnt, sse4a, tsc, tscinvbit, tscinv, bmi1

Memory: 4k page, physical 33455160k(18220860k free), swap 67009592k(47765748k free)

vm_info: OpenJDK 64-Bit Server VM (25.312-b07) for windows-amd64 JRE (1.8.0_312-b07), built on Oct 14 2021 21:08:49 by "Administrator" with MS VC++ 12.0 (VS2013)

time: Mon Mar 07 09:04:05 2022
timezone: SE Asia Standard Time
elapsed time: 5.564823 seconds (0d 0h 0m 5s)

